[25Jan2025 00:00:05.518] [Server thread/INFO] [net.minecraft.server.players.PlayerList/]: Aldhair_16[/127.1.134.220:44563] logged in with entity id 1210 at (-8061.390637230898, 76.68727442634766, 5006.980154207936)
[25Jan2025 00:00:05.545] [Server thread/INFO] [net.minecraft.server.MinecraftServer/]: Aldhair_16 joined the game
[25Jan2025 00:00:05.719] [Server thread/INFO] [Jade/]: Syncing config to Aldhair_16 (83c9b1f0-07a3-3d7e-a940-d26aac0e9996)
[25Jan2025 00:00:52.205] [Server thread/INFO] [net.minecraft.server.players.PlayerList/]: Maikol_4988[/127.244.236.233:55371] logged in with entity id 1601 at (-8051.553269159189, 69.0, 5005.879014298934)
[25Jan2025 00:00:52.230] [Server thread/INFO] [net.minecraft.server.MinecraftServer/]: Maikol_4988 joined the game
[25Jan2025 00:00:52.373] [Server thread/INFO] [Jade/]: Syncing config to Maikol_4988 (fa63da74-676e-3a75-814c-8fd926924504)
[25Jan2025 00:01:03.496] [Server thread/INFO] [net.minecraft.server.MinecraftServer/]: Aldhair_16 has made the advancement [Let's Get To Work]
[25Jan2025 00:02:33.126] [Server thread/WARN] [net.minecraft.world.level.entity.PersistentEntitySectionManager/]: UUID of added entity already exists: EntityRaccoon['Raccoon'/2752, l='ServerLevel[world]', x=-7949.92, y=74.00, z=5216.07]
[25Jan2025 00:03:47.239] [Server thread/INFO] [net.minecraft.server.players.PlayerList/]: elrisas741[/127.194.73.14:35765] logged in with entity id 3725 at (-8639.84781965304, 73.0, 5708.809640077439)
[25Jan2025 00:03:47.252] [Server thread/INFO] [net.minecraft.server.MinecraftServer/]: elrisas741 joined the game
[25Jan2025 00:03:47.282] [Server thread/INFO] [Jade/]: Syncing config to elrisas741 (77fcb98c-7faf-3dc8-8095-81ba0a63f778)
[25Jan2025 00:03:49.547] [Server thread/WARN] [net.minecraft.server.network.ServerGamePacketListenerImpl/]: Aldhair_16 moved too quickly! 9.739049270802752,-1.1811229088423545,3.213471148438657
[25Jan2025 00:03:49.568] [Server thread/WARN] [net.minecraft.server.MinecraftServer/]: Can't keep up! Is the server overloaded? Running 2281ms or 45 ticks behind
[25Jan2025 00:10:19.429] [Server thread/WARN] [tombstone/]: The death event of the player Aldhair_16 was canceled by another mod
[25Jan2025 00:10:19.446] [Server thread/INFO] [tombstone/]: The player Aldhair_16 has successfully been saved
[25Jan2025 00:10:22.067] [Server thread/INFO] [net.minecraft.server.MinecraftServer/]: Aldhair_16 was slain by elrisas741
[25Jan2025 00:10:22.098] [Server thread/INFO] [tombstone/]: The player Aldhair_16 has successfully been saved
[25Jan2025 00:11:07.813] [Server thread/WARN] [net.minecraft.server.network.ServerGamePacketListenerImpl/]: elrisas741 moved too quickly! 1.0214968801274154,-10.585426602645157,2.0384333825650174
[25Jan2025 00:11:07.902] [Server thread/INFO] [net.minecraft.server.MinecraftServer/]: Maikol_4988 has made the advancement [What a Deal!]
[25Jan2025 00:11:07.903] [Server thread/INFO] [net.minecraft.server.MinecraftServer/]: Maikol_4988 has made the advancement [First Trade]
[25Jan2025 00:11:51.574] [Server thread/INFO] [net.minecraft.world.entity.npc.Villager/]: Villager Villager['Hunter'/1495, l='ServerLevel[world]', x=-8048.50, y=67.00, z=5004.50] died, message: 'Hunter was slain by elrisas741'
[25Jan2025 00:11:51.577] [Server thread/INFO] [net.minecraft.server.MinecraftServer/]: elrisas741 has made the advancement [Neighborhood Brawl]
[25Jan2025 00:13:38.317] [Server thread/WARN] [tombstone/]: The death event of the player Aldhair_16 was canceled by another mod
[25Jan2025 00:13:38.328] [Server thread/INFO] [tombstone/]: The player Aldhair_16 has successfully been saved
[25Jan2025 00:14:45.828] [Server thread/ERROR] [sophisticatedbackpacks/]: Error getting backpack wrapper - Unable to find backpack at slot index 3 in "main" inventory handler
[25Jan2025 00:15:18.031] [Server thread/WARN] [net.minecraft.server.network.ServerGamePacketListenerImpl/]: Aldhair_16 moved too quickly! 0.313436180215831,0.0625,10.110672526767303
[25Jan2025 00:15:18.054] [Server thread/WARN] [net.minecraft.server.network.ServerGamePacketListenerImpl/]: elrisas741 moved too quickly! 0.12106075194412824,0.18355000019073486,-10.325689787073316
[25Jan2025 00:15:18.061] [Server thread/WARN] [net.minecraft.server.MinecraftServer/]: Can't keep up! Is the server overloaded? Running 4873ms or 97 ticks behind
[25Jan2025 00:16:10.878] [Server thread/INFO] [net.minecraft.server.MinecraftServer/]: Aldhair_16 has made the advancement [What a Deal!]
[25Jan2025 00:16:10.878] [Server thread/INFO] [net.minecraft.server.MinecraftServer/]: Aldhair_16 has made the advancement [First Trade]
[25Jan2025 00:17:49.919] [Server thread/INFO] [net.minecraft.server.MinecraftServer/]: Aldhair_16 has reached the goal [Dinner's Served!]
[25Jan2025 00:18:15.764] [Server thread/INFO] [net.minecraft.server.network.ServerGamePacketListenerImpl/]: elrisas741 lost connection: Disconnected
[25Jan2025 00:18:15.764] [Server thread/INFO] [net.minecraft.server.MinecraftServer/]: elrisas741 left the game
[25Jan2025 00:20:57.035] [Server thread/INFO] [net.minecraft.server.MinecraftServer/]: 22PieroRR has reached the goal [Dinner's Served!]
[25Jan2025 00:21:55.448] [Server thread/INFO] [net.minecraft.world.entity.npc.Villager/]: Villager Villager['Beekeeper'/666, l='ServerLevel[world]', x=-8155.70, y=72.00, z=5029.52] died, message: 'Beekeeper froze to death'
[25Jan2025 00:23:50.799] [Server thread/INFO] [net.minecraft.world.entity.npc.Villager/]: Villager Villager['Beekeeper'/832, l='ServerLevel[world]', x=-8155.70, y=72.00, z=5029.50] died, message: 'Beekeeper froze to death'
[25Jan2025 00:26:27.278] [Server thread/INFO] [net.minecraft.server.MinecraftServer/]: Maikol_4988 has made the advancement [Cobweb Entanglement]
[25Jan2025 00:27:24.217] [Server thread/INFO] [net.minecraft.world.entity.npc.Villager/]: Villager Villager['Nitwit'/893, l='ServerLevel[world]', x=-8135.87, y=77.00, z=4976.44] died, message: 'Nitwit was slain by Zombie'
[25Jan2025 00:28:02.160] [Server thread/INFO] [net.minecraft.world.entity.npc.Villager/]: Villager Villager['Oceanographer'/1127, l='ServerLevel[world]', x=-8121.30, y=76.00, z=5008.95] died, message: 'Oceanographer was slain by Zombie'
[25Jan2025 00:28:45.714] [Server thread/INFO] [net.minecraft.world.entity.npc.Villager/]: Villager Villager['Oceanographer'/743, l='ServerLevel[world]', x=-8106.70, y=78.00, z=4968.88] died, message: 'Oceanographer was slain by Zombie'
[25Jan2025 00:45:26.917] [Server thread/INFO] [net.minecraft.world.entity.npc.Villager/]: Villager Villager['Oceanographer'/31510, l='ServerLevel[world]', x=-8076.30, y=62.05, z=5047.30] died, message: 'Oceanographer was slain by Zombie'
[25Jan2025 00:48:27.594] [Server thread/INFO] [net.minecraft.server.players.PlayerList/]: elrisas741[/127.194.73.14:48837] logged in with entity id 36294 at (-8050.359754744487, 67.0, 4985.3071441515585)
[25Jan2025 00:48:27.606] [Server thread/INFO] [net.minecraft.server.MinecraftServer/]: elrisas741 joined the game
[25Jan2025 00:48:27.683] [Server thread/INFO] [Jade/]: Syncing config to elrisas741 (77fcb98c-7faf-3dc8-8095-81ba0a63f778)
[25Jan2025 00:55:08.775] [Server thread/INFO] [net.minecraft.server.MinecraftServer/]: 22PieroRR has made the advancement [Ace Trainer]
[25Jan2025 00:55:51.256] [Server thread/INFO] [net.minecraft.world.entity.npc.Villager/]: Villager Villager['Nitwit'/31635, l='ServerLevel[world]', x=-8055.70, y=74.00, z=5011.70] died, message: 'Nitwit was slain by Aldhair_16'
[25Jan2025 00:57:03.209] [Server thread/INFO] [net.minecraft.server.MinecraftServer/]: Maikol_4988 has made the advancement [Ace Trainer]
[25Jan2025 00:57:31.577] [Server thread/INFO] [net.minecraft.server.MinecraftServer/]: 22PieroRR has made the advancement [A Glorious Feast]
